# JRE version: Java(TM) SE Runtime Environment (17.0.10+11) (build 17.0.10+11-LTS-240)
# Java VM: Java HotSpot(TM) 64-Bit Server VM (17.0.10+11-LTS-240, mixed mode, emulated-client, sharing, tiered, compressed oops, compressed class ptrs, g1 gc, windows-amd64)
GC Precious Log:
 CPUs: 4 total, 4 available
 Memory: 8094M
 Large Page Support: Disabled
 NUMA Support: Disabled
 Compressed Oops: Enabled (32-bit)
 Heap Region Size: 1M
 Heap Min Capacity: 8M
 Heap Initial Capacity: 128M
 Heap Max Capacity: 2024M
 Pre-touch: Disabled
 Parallel Workers: 4
 Concurrent Workers: 1
 Concurrent Refinement Workers: 4
 Periodic GC: Disabled
Heap:
 garbage-first heap   total 138240K, used 74193K [0x0000000081800000, 0x0000000100000000)
  region size 1024K, 1 young (1024K), 1 survivors (1024K)
 Metaspace       used 64444K, committed 65152K, reserved 1114112K
  class space    used 9247K, committed 9600K, reserved 1048576K
GC Heap History (20 events):
Event: 25.496 GC heap after
{Heap after GC invocations=23 (full 0):
 garbage-first heap   total 63488K, used 36016K [0x0000000081800000, 0x0000000100000000)
  region size 1024K, 3 young (3072K), 3 survivors (3072K)
 Metaspace       used 64125K, committed 64768K, reserved 1114112K
  class space    used 9209K, committed 9536K, reserved 1048576K
}
Event: 25.542 GC heap before
{Heap before GC invocations=23 (full 0):
 garbage-first heap   total 63488K, used 37040K [0x0000000081800000, 0x0000000100000000)
  region size 1024K, 5 young (5120K), 3 survivors (3072K)
 Metaspace       used 64286K, committed 64896K, reserved 1114112K
  class space    used 9223K, committed 9536K, reserved 1048576K
}
Event: 25.547 GC heap after
{Heap after GC invocations=24 (full 0):
 garbage-first heap   total 63488K, used 36480K [0x0000000081800000, 0x0000000100000000)
  region size 1024K, 1 young (1024K), 1 survivors (1024K)
 Metaspace       used 64286K, committed 64896K, reserved 1114112K
  class space    used 9223K, committed 9536K, reserved 1048576K
}
Event: 25.636 GC heap before
{Heap before GC invocations=24 (full 0):
 garbage-first heap   total 63488K, used 50816K [0x0000000081800000, 0x0000000100000000)
  region size 1024K, 15 young (15360K), 1 survivors (1024K)
 Metaspace       used 64308K, committed 64960K, reserved 1114112K
  class space    used 9226K, committed 9536K, reserved 1048576K
}
Event: 25.641 GC heap after
{Heap after GC invocations=25 (full 0):
 garbage-first heap   total 63488K, used 39236K [0x0000000081800000, 0x0000000100000000)
  region size 1024K, 2 young (2048K), 2 survivors (2048K)
 Metaspace       used 64308K, committed 64960K, reserved 1114112K
  class space    used 9226K, committed 9536K, reserved 1048576K
}
Event: 25.740 GC heap before
{Heap before GC invocations=26 (full 0):
 garbage-first heap   total 70656K, used 46404K [0x0000000081800000, 0x0000000100000000)
  region size 1024K, 11 young (11264K), 2 survivors (2048K)
 Metaspace       used 64308K, committed 64960K, reserved 1114112K
  class space    used 9226K, committed 9536K, reserved 1048576K
}
Event: 25.744 GC heap after
{Heap after GC invocations=27 (full 0):
 garbage-first heap   total 70656K, used 41213K [0x0000000081800000, 0x0000000100000000)
  region size 1024K, 2 young (2048K), 2 survivors (2048K)
 Metaspace       used 64308K, committed 64960K, reserved 1114112K
  class space    used 9226K, committed 9536K, reserved 1048576K
}
Event: 25.817 GC heap before
{Heap before GC invocations=27 (full 0):
 garbage-first heap   total 70656K, used 55549K [0x0000000081800000, 0x0000000100000000)
  region size 1024K, 16 young (16384K), 2 survivors (2048K)
 Metaspace       used 64308K, committed 64960K, reserved 1114112K
  class space    used 9226K, committed 9536K, reserved 1048576K
}
Event: 25.822 GC heap after
{Heap after GC invocations=28 (full 0):
 garbage-first heap   total 130048K, used 44589K [0x0000000081800000, 0x0000000100000000)
  region size 1024K, 2 young (2048K), 2 survivors (2048K)
 Metaspace       used 64308K, committed 64960K, reserved 1114112K
  class space    used 9226K, committed 9536K, reserved 1048576K
}
Event: 26.323 GC heap before
{Heap before GC invocations=29 (full 0):
 garbage-first heap   total 130048K, used 98861K [0x0000000081800000, 0x0000000100000000)
  region size 1024K, 54 young (55296K), 2 survivors (2048K)
 Metaspace       used 64403K, committed 65088K, reserved 1114112K
  class space    used 9240K, committed 9600K, reserved 1048576K
}
Event: 26.340 GC heap after
{Heap after GC invocations=30 (full 0):
 garbage-first heap   total 130048K, used 58634K [0x0000000081800000, 0x0000000100000000)
  region size 1024K, 7 young (7168K), 7 survivors (7168K)
 Metaspace       used 64403K, committed 65088K, reserved 1114112K
  class space    used 9240K, committed 9600K, reserved 1048576K
}
Event: 26.691 GC heap before
{Heap before GC invocations=30 (full 0):
 garbage-first heap   total 130048K, used 98570K [0x0000000081800000, 0x0000000100000000)
  region size 1024K, 46 young (47104K), 7 survivors (7168K)
 Metaspace       used 64403K, committed 65088K, reserved 1114112K
  class space    used 9240K, committed 9600K, reserved 1048576K
}
Event: 26.709 GC heap after
{Heap after GC invocations=31 (full 0):
 garbage-first heap   total 130048K, used 69982K [0x0000000081800000, 0x0000000100000000)
  region size 1024K, 6 young (6144K), 6 survivors (6144K)
 Metaspace       used 64403K, committed 65088K, reserved 1114112K
  class space    used 9240K, committed 9600K, reserved 1048576K
}
Event: 26.742 GC heap before
{Heap before GC invocations=31 (full 0):
 garbage-first heap   total 130048K, used 73054K [0x0000000081800000, 0x0000000100000000)
  region size 1024K, 10 young (10240K), 6 survivors (6144K)
 Metaspace       used 64403K, committed 65088K, reserved 1114112K
  class space    used 9240K, committed 9600K, reserved 1048576K
}
Event: 26.748 GC heap after
{Heap after GC invocations=32 (full 0):
 garbage-first heap   total 130048K, used 72287K [0x0000000081800000, 0x0000000100000000)
  region size 1024K, 2 young (2048K), 2 survivors (2048K)
 Metaspace       used 64403K, committed 65088K, reserved 1114112K
  class space    used 9240K, committed 9600K, reserved 1048576K
}
Event: 26.896 GC heap before
{Heap before GC invocations=32 (full 0):
 garbage-first heap   total 130048K, used 101983K [0x0000000081800000, 0x0000000100000000)
  region size 1024K, 30 young (30720K), 2 survivors (2048K)
 Metaspace       used 64444K, committed 65152K, reserved 1114112K
  class space    used 9247K, committed 9600K, reserved 1048576K
}
Event: 26.907 GC heap after
{Heap after GC invocations=33 (full 0):
 garbage-first heap   total 130048K, used 81610K [0x0000000081800000, 0x0000000100000000)
  region size 1024K, 4 young (4096K), 4 survivors (4096K)
 Metaspace       used 64444K, committed 65152K, reserved 1114112K
  class space    used 9247K, committed 9600K, reserved 1048576K
}
Event: 27.068 GC heap before
{Heap before GC invocations=34 (full 0):
 garbage-first heap   total 138240K, used 100042K [0x0000000081800000, 0x0000000100000000)
  region size 1024K, 24 young (24576K), 4 survivors (4096K)
 Metaspace       used 64444K, committed 65152K, reserved 1114112K
  class space    used 9247K, committed 9600K, reserved 1048576K
}
Event: 27.080 GC heap after
{Heap after GC invocations=35 (full 0):
 garbage-first heap   total 138240K, used 85591K [0x0000000081800000, 0x0000000100000000)
  region size 1024K, 3 young (3072K), 3 survivors (3072K)
 Metaspace       used 64444K, committed 65152K, reserved 1114112K
  class space    used 9247K, committed 9600K, reserved 1048576K
}
Event: 27.087 GC heap before
{Heap before GC invocations=35 (full 0):
 garbage-first heap   total 138240K, used 88663K [0x0000000081800000, 0x0000000100000000)
  region size 1024K, 6 young (6144K), 3 survivors (3072K)
 Metaspace       used 64444K, committed 65152K, reserved 1114112K
  class space    used 9247K, committed 9600K, reserved 1048576K
}

